<?xml version="1.0" encoding="UTF-8"?>
<testng-results skipped="0" failed="0" total="4" passed="4">
  <reporter-output>
  </reporter-output>
  <suite name="Default suite" duration-ms="1499" started-at="2018-01-05T07:33:47Z" finished-at="2018-01-05T07:33:48Z">
    <groups>
    </groups>
    <test name="Default test" duration-ms="1499" started-at="2018-01-05T07:33:47Z" finished-at="2018-01-05T07:33:48Z">
      <class name="com.talentscreen.test.TalentScreenApiTest">
        <test-method status="PASS" signature="beforeSuit()[pri:0, instance:com.talentscreen.test.TalentScreenApiTest@2a2d45ba]" name="beforeSuit" is-config="true" duration-ms="199" started-at="2018-01-04T23:33:47Z" finished-at="2018-01-04T23:33:47Z">
          <reporter-output>
          </reporter-output>
        </test-method> <!-- beforeSuit -->
        <test-method status="PASS" signature="beforeClass()[pri:0, instance:com.talentscreen.test.TalentScreenApiTest@2a2d45ba]" name="beforeClass" is-config="true" duration-ms="467" started-at="2018-01-04T23:33:47Z" finished-at="2018-01-04T23:33:47Z">
          <reporter-output>
          </reporter-output>
        </test-method> <!-- beforeClass -->
        <test-method status="PASS" signature="DeleteTest()[pri:0, instance:com.talentscreen.test.TalentScreenApiTest@2a2d45ba]" name="DeleteTest" duration-ms="561" started-at="2018-01-04T23:33:47Z" finished-at="2018-01-04T23:33:48Z">
          <reporter-output>
          </reporter-output>
        </test-method> <!-- DeleteTest -->
        <test-method status="PASS" signature="getTest()[pri:0, instance:com.talentscreen.test.TalentScreenApiTest@2a2d45ba]" name="getTest" duration-ms="143" started-at="2018-01-04T23:33:48Z" finished-at="2018-01-04T23:33:48Z">
          <reporter-output>
          </reporter-output>
        </test-method> <!-- getTest -->
        <test-method status="PASS" signature="postTest()[pri:0, instance:com.talentscreen.test.TalentScreenApiTest@2a2d45ba]" name="postTest" duration-ms="220" started-at="2018-01-04T23:33:48Z" finished-at="2018-01-04T23:33:48Z">
          <reporter-output>
          </reporter-output>
        </test-method> <!-- postTest -->
        <test-method status="PASS" signature="updateTest()[pri:0, instance:com.talentscreen.test.TalentScreenApiTest@2a2d45ba]" name="updateTest" duration-ms="76" started-at="2018-01-04T23:33:48Z" finished-at="2018-01-04T23:33:48Z">
          <reporter-output>
          </reporter-output>
        </test-method> <!-- updateTest -->
      </class> <!-- com.talentscreen.test.TalentScreenApiTest -->
    </test> <!-- Default test -->
  </suite> <!-- Default suite -->
</testng-results>
