<?xml version="1.0" encoding="UTF-8"?>
<!-- Generated by org.testng.reporters.JUnitXMLReporter -->
<testsuite hostname="DESKTOP-FRQ0CFQ" name="Default test" tests="4" failures="0" timestamp="5 Jan 2018 07:33:48 GMT" time="1.499" errors="0">
  <testcase name="DeleteTest" time="0.561" classname="com.talentscreen.test.TalentScreenApiTest"/>
  <testcase name="getTest" time="0.143" classname="com.talentscreen.test.TalentScreenApiTest"/>
  <testcase name="postTest" time="0.22" classname="com.talentscreen.test.TalentScreenApiTest"/>
  <testcase name="updateTest" time="0.076" classname="com.talentscreen.test.TalentScreenApiTest"/>
</testsuite> <!-- Default test -->
